-------------------------------------------------------------------------------
Test set: ar.edu.utn.frbb.tup.retail.model.ProductoTest
-------------------------------------------------------------------------------
Tests run: 3, Failures: 1, Errors: 0, Skipped: 0, Time elapsed: 0.007 s <<< FAILURE! - in ar.edu.utn.frbb.tup.retail.model.ProductoTest
testsetPrecioContado_ok(ar.edu.utn.frbb.tup.retail.model.ProductoTest)  Time elapsed: 0.001 s  <<< FAILURE!
java.lang.AssertionError
	at ar.edu.utn.frbb.tup.retail.model.ProductoTest.testsetPrecioContado_ok(ProductoTest.java:23)

